2021-05-13 05:36:16,918 p=257 u=root n=ansible | devops.demo.drah.im | CHANGED | rc=0 >>
total 36
drwxr-xr-x 5 do   do   4096 May 13 05:29 .
drwxr-xr-x 3 root root 4096 May 13 04:34 ..
drwx------ 3 do   do   4096 May 13 05:29 .ansible
-rw------- 1 do   do     60 May 13 05:06 .bash_history
-rw-r--r-- 1 do   do    220 May 13 04:34 .bash_logout
-rw-r--r-- 1 do   do   3771 May 13 04:34 .bashrc
drwx------ 2 do   do   4096 May 13 04:55 .cache
-rw-r--r-- 1 do   do      0 May 13 04:34 .cloud-locale-test.skip
-rw-r--r-- 1 do   do    807 May 13 04:34 .profile
drwx------ 2 do   do   4096 May 13 04:34 .ssh

2021-05-13 05:40:56,585 p=281 u=root n=ansible | devops.demo.drah.im | CHANGED | rc=0 >>
total 36
drwxr-xr-x 5 do   do   4096 May 13 05:29 .
drwxr-xr-x 3 root root 4096 May 13 04:34 ..
drwx------ 3 do   do   4096 May 13 05:29 .ansible
-rw------- 1 do   do     60 May 13 05:06 .bash_history
-rw-r--r-- 1 do   do    220 May 13 04:34 .bash_logout
-rw-r--r-- 1 do   do   3771 May 13 04:34 .bashrc
drwx------ 2 do   do   4096 May 13 04:55 .cache
-rw-r--r-- 1 do   do      0 May 13 04:34 .cloud-locale-test.skip
-rw-r--r-- 1 do   do    807 May 13 04:34 .profile
drwx------ 2 do   do   4096 May 13 04:34 .ssh

2021-05-13 05:41:12,818 p=305 u=root n=ansible | devops.demo.drah.im | CHANGED | rc=0 >>
total 36
drwxr-xr-x 5 do   do   4096 May 13 05:29 .
drwxr-xr-x 3 root root 4096 May 13 04:34 ..
drwx------ 3 do   do   4096 May 13 05:29 .ansible
-rw------- 1 do   do     60 May 13 05:06 .bash_history
-rw-r--r-- 1 do   do    220 May 13 04:34 .bash_logout
-rw-r--r-- 1 do   do   3771 May 13 04:34 .bashrc
drwx------ 2 do   do   4096 May 13 04:55 .cache
-rw-r--r-- 1 do   do      0 May 13 04:34 .cloud-locale-test.skip
-rw-r--r-- 1 do   do    807 May 13 04:34 .profile
drwx------ 2 do   do   4096 May 13 04:34 .ssh

2021-05-13 05:41:25,944 p=325 u=root n=ansible | ansible-playbook 2.10.5
  config file = /work/ansible/ansible.cfg
  configured module search path = ['/root/.ansible/plugins/modules', '/usr/share/ansible/plugins/modules']
  ansible python module location = /usr/lib/python3.8/site-packages/ansible
  executable location = /usr/bin/ansible-playbook
  python version = 3.8.10 (default, May  6 2021, 00:05:59) [GCC 10.2.1 20201203]
2021-05-13 05:41:25,944 p=325 u=root n=ansible | Using /work/ansible/ansible.cfg as config file
2021-05-13 05:41:25,956 p=325 u=root n=ansible | setting up inventory plugins
2021-05-13 05:41:25,967 p=325 u=root n=ansible | host_list declined parsing /work/ansible/hosts as it did not pass its verify_file() method
2021-05-13 05:41:25,976 p=325 u=root n=ansible | auto declined parsing /work/ansible/hosts as it did not pass its verify_file() method
2021-05-13 05:41:25,993 p=325 u=root n=ansible | Parsed /work/ansible/hosts inventory source with ini plugin
2021-05-13 05:41:26,140 p=325 u=root n=ansible | Loading callback plugin default of type stdout, v2.0 from /usr/lib/python3.8/site-packages/ansible/plugins/callback/default.py
2021-05-13 05:41:26,145 p=325 u=root n=ansible | Skipping callback 'default', as we already have a stdout callback.
2021-05-13 05:41:26,145 p=325 u=root n=ansible | Skipping callback 'minimal', as we already have a stdout callback.
2021-05-13 05:41:26,146 p=325 u=root n=ansible | Skipping callback 'oneline', as we already have a stdout callback.
2021-05-13 05:41:26,147 p=325 u=root n=ansible | PLAYBOOK: site.yml ********************************************************************************************************************************
2021-05-13 05:41:26,149 p=325 u=root n=ansible | 1 plays in site.yml
2021-05-13 05:41:26,151 p=325 u=root n=ansible | [WARNING]: Could not match supplied host pattern, ignoring: webservers

2021-05-13 05:41:26,153 p=325 u=root n=ansible | PLAY [webservers] *********************************************************************************************************************************
2021-05-13 05:41:26,153 p=325 u=root n=ansible | skipping: no hosts matched
2021-05-13 05:41:26,154 p=325 u=root n=ansible | PLAY RECAP ****************************************************************************************************************************************
2021-05-13 05:43:08,466 p=331 u=root n=ansible | devops.demo.drah.im | CHANGED | rc=0 >>
total 36
drwxr-xr-x 5 do   do   4096 May 13 05:29 .
drwxr-xr-x 3 root root 4096 May 13 04:34 ..
drwx------ 3 do   do   4096 May 13 05:29 .ansible
-rw------- 1 do   do     60 May 13 05:06 .bash_history
-rw-r--r-- 1 do   do    220 May 13 04:34 .bash_logout
-rw-r--r-- 1 do   do   3771 May 13 04:34 .bashrc
drwx------ 2 do   do   4096 May 13 04:55 .cache
-rw-r--r-- 1 do   do      0 May 13 04:34 .cloud-locale-test.skip
-rw-r--r-- 1 do   do    807 May 13 04:34 .profile
drwx------ 2 do   do   4096 May 13 04:34 .ssh

2021-05-13 05:43:41,052 p=357 u=root n=ansible | devops.demo.drah.im | CHANGED | rc=0 >>
total 36
drwxr-xr-x 5 do   do   4096 May 13 05:29 .
drwxr-xr-x 3 root root 4096 May 13 04:34 ..
drwx------ 3 do   do   4096 May 13 05:29 .ansible
-rw------- 1 do   do     60 May 13 05:06 .bash_history
-rw-r--r-- 1 do   do    220 May 13 04:34 .bash_logout
-rw-r--r-- 1 do   do   3771 May 13 04:34 .bashrc
drwx------ 2 do   do   4096 May 13 04:55 .cache
-rw-r--r-- 1 do   do      0 May 13 04:34 .cloud-locale-test.skip
-rw-r--r-- 1 do   do    807 May 13 04:34 .profile
drwx------ 2 do   do   4096 May 13 04:34 .ssh

2021-05-13 05:44:21,718 p=380 u=root n=ansible | all:
  children:
    linux:
      hosts:
        devops.demo.drah.im:
          ansible_user: do
    ungrouped: {}

2021-05-13 05:45:02,490 p=385 u=root n=ansible | [WARNING]:  * Failed to parse /work/ansible/site.yml with script plugin: problem running /work/ansible/site.yml --list ([Errno 8] Exec format
error: '/work/ansible/site.yml')

2021-05-13 05:45:02,491 p=385 u=root n=ansible | [WARNING]:  * Failed to parse /work/ansible/site.yml with auto plugin: no root 'plugin' key found, '/work/ansible/site.yml' is not a valid YAML
inventory plugin config file

2021-05-13 05:45:02,492 p=385 u=root n=ansible | [WARNING]:  * Failed to parse /work/ansible/site.yml with yaml plugin: YAML inventory has invalid structure, it should be a dictionary, got:
<class 'ansible.parsing.yaml.objects.AnsibleSequence'>

2021-05-13 05:45:02,493 p=385 u=root n=ansible | [WARNING]:  * Failed to parse /work/ansible/site.yml with ini plugin: /work/ansible/site.yml:1: Expected key=value host variable assignment, got:
hosts:

2021-05-13 05:45:02,493 p=385 u=root n=ansible | [WARNING]: Unable to parse /work/ansible/site.yml as an inventory source

2021-05-13 05:45:02,494 p=385 u=root n=ansible | [WARNING]: No inventory was parsed, only implicit localhost is available

2021-05-13 05:45:02,503 p=385 u=root n=ansible | all:
  children:
    ungrouped: {}

2021-05-13 05:45:14,442 p=390 u=root n=ansible | [WARNING]: Unable to parse /work/ansible/site as an inventory source

2021-05-13 05:45:14,443 p=390 u=root n=ansible | [WARNING]: No inventory was parsed, only implicit localhost is available

2021-05-13 05:45:14,450 p=390 u=root n=ansible | all:
  children:
    ungrouped: {}

2021-05-13 05:45:27,722 p=394 u=root n=ansible | all:
  children:
    linux:
      hosts:
        devops.demo.drah.im:
          ansible_user: do
    ungrouped: {}

2021-05-13 05:46:14,368 p=399 u=root n=ansible | all:
  children:
    linux:
      hosts:
        devops.demo.drah.im:
          ansible_user: do
    ungrouped: {}

2021-05-13 05:52:06,952 p=404 u=root n=ansible | PLAY [nginx] **************************************************************************************************************************************
2021-05-13 05:52:06,976 p=404 u=root n=ansible | TASK [Gathering Facts] ****************************************************************************************************************************
2021-05-13 05:52:12,243 p=404 u=root n=ansible | ok: [devops.demo.drah.im]
2021-05-13 05:52:12,283 p=404 u=root n=ansible | TASK [ensure nano is there] ***********************************************************************************************************************
2021-05-13 05:52:15,453 p=404 u=root n=ansible | fatal: [devops.demo.drah.im]: FAILED! => {"changed": false, "msg": "'/usr/bin/apt-mark manual nano' failed: E: Could not create temporary file for /var/lib/apt/extended_states - mkstemp (13: Permission denied)\nE: Failed to write temporary StateFile /var/lib/apt/extended_states\n", "rc": 100, "stderr": "E: Could not create temporary file for /var/lib/apt/extended_states - mkstemp (13: Permission denied)\nE: Failed to write temporary StateFile /var/lib/apt/extended_states\n", "stderr_lines": ["E: Could not create temporary file for /var/lib/apt/extended_states - mkstemp (13: Permission denied)", "E: Failed to write temporary StateFile /var/lib/apt/extended_states"], "stdout": "", "stdout_lines": []}
2021-05-13 05:52:15,455 p=404 u=root n=ansible | PLAY RECAP ****************************************************************************************************************************************
2021-05-13 05:52:15,456 p=404 u=root n=ansible | devops.demo.drah.im        : ok=1    changed=0    unreachable=0    failed=1    skipped=0    rescued=0    ignored=0   
2021-05-13 05:55:10,705 p=437 u=root n=ansible | PLAY [nginx] **************************************************************************************************************************************
2021-05-13 05:55:10,731 p=437 u=root n=ansible | TASK [Gathering Facts] ****************************************************************************************************************************
2021-05-13 05:55:16,299 p=437 u=root n=ansible | ok: [devops.demo.drah.im]
2021-05-13 05:55:16,342 p=437 u=root n=ansible | TASK [ensure nano is there] ***********************************************************************************************************************
2021-05-13 05:55:19,341 p=437 u=root n=ansible | fatal: [devops.demo.drah.im]: FAILED! => {"changed": false, "msg": "'/usr/bin/apt-mark manual nano' failed: E: Could not create temporary file for /var/lib/apt/extended_states - mkstemp (13: Permission denied)\nE: Failed to write temporary StateFile /var/lib/apt/extended_states\n", "rc": 100, "stderr": "E: Could not create temporary file for /var/lib/apt/extended_states - mkstemp (13: Permission denied)\nE: Failed to write temporary StateFile /var/lib/apt/extended_states\n", "stderr_lines": ["E: Could not create temporary file for /var/lib/apt/extended_states - mkstemp (13: Permission denied)", "E: Failed to write temporary StateFile /var/lib/apt/extended_states"], "stdout": "", "stdout_lines": []}
2021-05-13 05:55:19,344 p=437 u=root n=ansible | PLAY RECAP ****************************************************************************************************************************************
2021-05-13 05:55:19,344 p=437 u=root n=ansible | devops.demo.drah.im        : ok=1    changed=0    unreachable=0    failed=1    skipped=0    rescued=0    ignored=0   
2021-05-13 06:07:15,299 p=470 u=root n=ansible | devops.demo.drah.im | SUCCESS => {
    "ansible_facts": {
        "discovered_interpreter_python": "/usr/bin/python3"
    },
    "changed": false,
    "ping": "pong"
}
2021-05-13 06:07:33,206 p=494 u=root n=ansible | devops.demo.drah.im | SUCCESS => {
    "ansible_facts": {
        "discovered_interpreter_python": "/usr/bin/python3"
    },
    "changed": false,
    "ping": "pong"
}
2021-05-13 06:09:22,726 p=513 u=root n=ansible | PLAY [nginx] **************************************************************************************************************************************
2021-05-13 06:09:22,755 p=513 u=root n=ansible | TASK [Gathering Facts] ****************************************************************************************************************************
2021-05-13 06:09:28,014 p=513 u=root n=ansible | ok: [devops.demo.drah.im]
2021-05-13 06:09:28,053 p=513 u=root n=ansible | TASK [ensure nano is there] ***********************************************************************************************************************
2021-05-13 06:09:31,164 p=513 u=root n=ansible | ok: [devops.demo.drah.im]
2021-05-13 06:09:31,203 p=513 u=root n=ansible | PLAY RECAP ****************************************************************************************************************************************
2021-05-13 06:09:31,203 p=513 u=root n=ansible | devops.demo.drah.im        : ok=2    changed=0    unreachable=0    failed=0    skipped=0    rescued=0    ignored=0   
2021-05-13 06:10:37,996 p=546 u=root n=ansible | PLAY [nginx] **************************************************************************************************************************************
2021-05-13 06:10:38,023 p=546 u=root n=ansible | TASK [Gathering Facts] ****************************************************************************************************************************
2021-05-13 06:10:42,717 p=546 u=root n=ansible | ok: [devops.demo.drah.im]
2021-05-13 06:10:42,761 p=546 u=root n=ansible | TASK [Ensure nginx is installed.] *****************************************************************************************************************
2021-05-13 06:10:45,836 p=546 u=root n=ansible | ok: [devops.demo.drah.im]
2021-05-13 06:10:45,882 p=546 u=root n=ansible | PLAY RECAP ****************************************************************************************************************************************
2021-05-13 06:10:45,883 p=546 u=root n=ansible | devops.demo.drah.im        : ok=2    changed=0    unreachable=0    failed=0    skipped=0    rescued=0    ignored=0   
2021-05-13 06:12:10,078 p=579 u=root n=ansible | PLAY [nginx] ***************************************************************************
2021-05-13 06:12:10,106 p=579 u=root n=ansible | TASK [Gathering Facts] *****************************************************************
2021-05-13 06:12:15,253 p=579 u=root n=ansible | ok: [devops.demo.drah.im]
2021-05-13 06:12:15,299 p=579 u=root n=ansible | TASK [Ensure nginx is installed.] ******************************************************
2021-05-13 06:12:18,364 p=579 u=root n=ansible | ok: [devops.demo.drah.im]
2021-05-13 06:12:18,407 p=579 u=root n=ansible | TASK [Ensure nginx is running and starts at boot.] *************************************
2021-05-13 06:12:20,883 p=579 u=root n=ansible | ok: [devops.demo.drah.im]
2021-05-13 06:12:20,929 p=579 u=root n=ansible | PLAY RECAP *****************************************************************************
2021-05-13 06:12:20,929 p=579 u=root n=ansible | devops.demo.drah.im        : ok=3    changed=0    unreachable=0    failed=0    skipped=0    rescued=0    ignored=0   
2021-05-13 06:12:56,159 p=621 u=root n=ansible | PLAY [nginx] ***************************************************************************
2021-05-13 06:12:56,189 p=621 u=root n=ansible | TASK [Gathering Facts] *****************************************************************
2021-05-13 06:12:59,843 p=621 u=root n=ansible | ok: [devops.demo.drah.im]
2021-05-13 06:12:59,888 p=621 u=root n=ansible | TASK [Ensure nginx is installed.] ******************************************************
2021-05-13 06:13:02,950 p=621 u=root n=ansible | ok: [devops.demo.drah.im]
2021-05-13 06:13:02,978 p=621 u=root n=ansible | TASK [Ensure nginx is running and starts at boot.] *************************************
2021-05-13 06:13:05,510 p=621 u=root n=ansible | ok: [devops.demo.drah.im]
2021-05-13 06:13:05,556 p=621 u=root n=ansible | PLAY RECAP *****************************************************************************
2021-05-13 06:13:05,557 p=621 u=root n=ansible | devops.demo.drah.im        : ok=3    changed=0    unreachable=0    failed=0    skipped=0    rescued=0    ignored=0   
2021-05-13 06:22:21,546 p=658 u=root n=ansible | PLAY [nginx] **************************************************************************************************************************************
2021-05-13 06:22:21,576 p=658 u=root n=ansible | TASK [Gathering Facts] ****************************************************************************************************************************
2021-05-13 06:22:28,419 p=658 u=root n=ansible | ok: [devops.demo.drah.im]
2021-05-13 06:22:28,465 p=658 u=root n=ansible | TASK [Ensure nginx is installed.] *****************************************************************************************************************
2021-05-13 06:22:31,716 p=658 u=root n=ansible | ok: [devops.demo.drah.im]
2021-05-13 06:22:31,740 p=658 u=root n=ansible | TASK [Copy nginx etc/nginx/conf.d files.] *********************************************************************************************************
2021-05-13 06:22:32,240 p=658 u=root n=ansible | fatal: [devops.demo.drah.im]: FAILED! => {"changed": false, "msg": "dest is required"}
2021-05-13 06:22:32,242 p=658 u=root n=ansible | PLAY RECAP ****************************************************************************************************************************************
2021-05-13 06:22:32,243 p=658 u=root n=ansible | devops.demo.drah.im        : ok=2    changed=0    unreachable=0    failed=1    skipped=0    rescued=0    ignored=0   
2021-05-13 06:23:06,976 p=696 u=root n=ansible | PLAY [nginx] **************************************************************************************************************************************
2021-05-13 06:23:07,007 p=696 u=root n=ansible | TASK [Gathering Facts] ****************************************************************************************************************************
2021-05-13 06:23:10,507 p=696 u=root n=ansible | ok: [devops.demo.drah.im]
2021-05-13 06:23:10,549 p=696 u=root n=ansible | TASK [Ensure nginx is installed.] *****************************************************************************************************************
2021-05-13 06:23:13,882 p=696 u=root n=ansible | ok: [devops.demo.drah.im]
2021-05-13 06:23:13,910 p=696 u=root n=ansible | TASK [Copy nginx etc/nginx/conf.d files.] *********************************************************************************************************
2021-05-13 06:23:14,425 p=696 u=root n=ansible | An exception occurred during task execution. To see the full traceback, use -vvv. The error was: If you are using a module and expect the file to exist on the remote, see the remote_src option
2021-05-13 06:23:14,426 p=696 u=root n=ansible | fatal: [devops.demo.drah.im]: FAILED! => {"changed": false, "msg": "Could not find or access 'etc/nginx/conf.d/'\nSearched in:\n\t/work/ansible/playbooks/files/etc/nginx/conf.d/\n\t/work/ansible/playbooks/etc/nginx/conf.d/\n\t/work/ansible/playbooks/files/etc/nginx/conf.d/\n\t/work/ansible/playbooks/etc/nginx/conf.d/ on the Ansible Controller.\nIf you are using a module and expect the file to exist on the remote, see the remote_src option"}
2021-05-13 06:23:14,429 p=696 u=root n=ansible | PLAY RECAP ****************************************************************************************************************************************
2021-05-13 06:23:14,430 p=696 u=root n=ansible | devops.demo.drah.im        : ok=2    changed=0    unreachable=0    failed=1    skipped=0    rescued=0    ignored=0   
2021-05-13 06:24:04,976 p=729 u=root n=ansible | PLAY [nginx] **************************************************************************************************************************************
2021-05-13 06:24:05,007 p=729 u=root n=ansible | TASK [Gathering Facts] ****************************************************************************************************************************
2021-05-13 06:24:08,547 p=729 u=root n=ansible | ok: [devops.demo.drah.im]
2021-05-13 06:24:08,593 p=729 u=root n=ansible | TASK [Ensure nginx is installed.] *****************************************************************************************************************
2021-05-13 06:24:11,872 p=729 u=root n=ansible | ok: [devops.demo.drah.im]
2021-05-13 06:24:11,900 p=729 u=root n=ansible | TASK [Copy nginx etc/nginx/conf.d files.] *********************************************************************************************************
2021-05-13 06:24:12,429 p=729 u=root n=ansible | An exception occurred during task execution. To see the full traceback, use -vvv. The error was: If you are using a module and expect the file to exist on the remote, see the remote_src option
2021-05-13 06:24:12,430 p=729 u=root n=ansible | fatal: [devops.demo.drah.im]: FAILED! => {"changed": false, "msg": "Could not find or access 'etc/nginx/conf.d/devops.demo.drah.im'\nSearched in:\n\t/work/ansible/playbooks/files/etc/nginx/conf.d/devops.demo.drah.im\n\t/work/ansible/playbooks/etc/nginx/conf.d/devops.demo.drah.im\n\t/work/ansible/playbooks/files/etc/nginx/conf.d/devops.demo.drah.im\n\t/work/ansible/playbooks/etc/nginx/conf.d/devops.demo.drah.im on the Ansible Controller.\nIf you are using a module and expect the file to exist on the remote, see the remote_src option"}
2021-05-13 06:24:12,433 p=729 u=root n=ansible | PLAY RECAP ****************************************************************************************************************************************
2021-05-13 06:24:12,434 p=729 u=root n=ansible | devops.demo.drah.im        : ok=2    changed=0    unreachable=0    failed=1    skipped=0    rescued=0    ignored=0   
2021-05-13 06:24:34,830 p=762 u=root n=ansible | PLAY [nginx] **************************************************************************************************************************************
2021-05-13 06:24:34,862 p=762 u=root n=ansible | TASK [Gathering Facts] ****************************************************************************************************************************
2021-05-13 06:24:38,610 p=762 u=root n=ansible | ok: [devops.demo.drah.im]
2021-05-13 06:24:38,656 p=762 u=root n=ansible | TASK [Ensure nginx is installed.] *****************************************************************************************************************
2021-05-13 06:24:42,285 p=762 u=root n=ansible | ok: [devops.demo.drah.im]
2021-05-13 06:24:42,311 p=762 u=root n=ansible | TASK [Copy nginx etc/nginx/conf.d files.] *********************************************************************************************************
2021-05-13 06:24:47,051 p=762 u=root n=ansible | changed: [devops.demo.drah.im]
2021-05-13 06:24:47,077 p=762 u=root n=ansible | TASK [Ensure nginx is running and starts at boot.] ************************************************************************************************
2021-05-13 06:24:49,716 p=762 u=root n=ansible | ok: [devops.demo.drah.im]
2021-05-13 06:24:49,740 p=762 u=root n=ansible | RUNNING HANDLER [restart nginx] *******************************************************************************************************************
2021-05-13 06:24:52,076 p=762 u=root n=ansible | changed: [devops.demo.drah.im]
2021-05-13 06:24:52,101 p=762 u=root n=ansible | PLAY RECAP ****************************************************************************************************************************************
2021-05-13 06:24:52,101 p=762 u=root n=ansible | devops.demo.drah.im        : ok=5    changed=2    unreachable=0    failed=0    skipped=0    rescued=0    ignored=0   
2021-05-13 06:26:03,325 p=824 u=root n=ansible | PLAY [nginx] **************************************************************************************************************************************
2021-05-13 06:26:03,351 p=824 u=root n=ansible | TASK [Gathering Facts] ****************************************************************************************************************************
2021-05-13 06:26:08,863 p=824 u=root n=ansible | ok: [devops.demo.drah.im]
2021-05-13 06:26:08,904 p=824 u=root n=ansible | TASK [Ensure nginx is installed.] *****************************************************************************************************************
2021-05-13 06:26:12,292 p=824 u=root n=ansible | ok: [devops.demo.drah.im]
2021-05-13 06:26:12,316 p=824 u=root n=ansible | TASK [Copy nginx etc/nginx/conf.d files.] *********************************************************************************************************
2021-05-13 06:26:16,171 p=824 u=root n=ansible | ok: [devops.demo.drah.im]
2021-05-13 06:26:16,194 p=824 u=root n=ansible | TASK [Ensure nginx is running and starts at boot.] ************************************************************************************************
2021-05-13 06:26:18,825 p=824 u=root n=ansible | ok: [devops.demo.drah.im]
2021-05-13 06:26:18,872 p=824 u=root n=ansible | PLAY RECAP ****************************************************************************************************************************************
2021-05-13 06:26:18,872 p=824 u=root n=ansible | devops.demo.drah.im        : ok=4    changed=0    unreachable=0    failed=0    skipped=0    rescued=0    ignored=0   
2021-05-13 13:05:40,335 p=895 u=root n=ansible | PLAY [nginx] *************************************************************************************************************************************************************************************
2021-05-13 13:05:40,364 p=895 u=root n=ansible | TASK [Gathering Facts] ***************************************************************************************************************************************************************************
2021-05-13 13:05:45,632 p=895 u=root n=ansible | ok: [devops.demo.drah.im]
2021-05-13 13:05:45,675 p=895 u=root n=ansible | TASK [Ensure nginx is installed.] ****************************************************************************************************************************************************************
2021-05-13 13:05:48,852 p=895 u=root n=ansible | ok: [devops.demo.drah.im]
2021-05-13 13:05:48,875 p=895 u=root n=ansible | TASK [Copy nginx etc/nginx/conf.d files.] ********************************************************************************************************************************************************
2021-05-13 13:05:52,690 p=895 u=root n=ansible | ok: [devops.demo.drah.im]
2021-05-13 13:05:52,740 p=895 u=root n=ansible | TASK [Ensure nginx is running and starts at boot.] ***********************************************************************************************************************************************
2021-05-13 13:05:55,389 p=895 u=root n=ansible | ok: [devops.demo.drah.im]
2021-05-13 13:05:55,434 p=895 u=root n=ansible | PLAY RECAP ***************************************************************************************************************************************************************************************
2021-05-13 13:05:55,435 p=895 u=root n=ansible | devops.demo.drah.im        : ok=4    changed=0    unreachable=0    failed=0    skipped=0    rescued=0    ignored=0   
2021-05-13 13:15:26,364 p=955 u=root n=ansible | PLAY [nginx] *************************************************************************************************************************************************************************************
2021-05-13 13:15:26,396 p=955 u=root n=ansible | TASK [Gathering Facts] ***************************************************************************************************************************************************************************
2021-05-13 13:15:31,907 p=955 u=root n=ansible | ok: [devops.demo.drah.im]
2021-05-13 13:15:31,953 p=955 u=root n=ansible | TASK [Ensure nginx is installed.] ****************************************************************************************************************************************************************
2021-05-13 13:15:35,357 p=955 u=root n=ansible | ok: [devops.demo.drah.im]
2021-05-13 13:15:35,384 p=955 u=root n=ansible | TASK [Copy nginx etc/nginx/conf.d files.] ********************************************************************************************************************************************************
2021-05-13 13:15:40,379 p=955 u=root n=ansible | changed: [devops.demo.drah.im]
2021-05-13 13:15:40,404 p=955 u=root n=ansible | TASK [debug] *************************************************************************************************************************************************************************************
2021-05-13 13:15:40,441 p=955 u=root n=ansible | ok: [devops.demo.drah.im] => {
    "msg": "/root is an environment variable"
}
2021-05-13 13:15:40,463 p=955 u=root n=ansible | RUNNING HANDLER [restart nginx] ******************************************************************************************************************************************************************
2021-05-13 13:15:43,246 p=955 u=root n=ansible | fatal: [devops.demo.drah.im]: FAILED! => {"changed": false, "msg": "Unable to restart service nginx: Job for nginx.service failed because the control process exited with error code.\nSee \"systemctl status nginx.service\" and \"journalctl -xe\" for details.\n"}
2021-05-13 13:15:43,247 p=955 u=root n=ansible | NO MORE HOSTS LEFT *******************************************************************************************************************************************************************************
2021-05-13 13:15:43,249 p=955 u=root n=ansible | PLAY RECAP ***************************************************************************************************************************************************************************************
2021-05-13 13:15:43,250 p=955 u=root n=ansible | devops.demo.drah.im        : ok=4    changed=1    unreachable=0    failed=1    skipped=0    rescued=0    ignored=0   
